<?xml version="1.0" encoding="UTF-8"?>
<!-- Generated by org.testng.reporters.JUnitReportReporter -->
<testsuite hostname="DESKTOP-GVF3IBT" failures="0" tests="1" name="com.staging.scrive.testcases.SignDocumentTest" time="16.029" errors="0" timestamp="2024-10-05T23:17:40 CEST" skipped="0">
  <testcase classname="com.staging.scrive.testcases.SignDocumentTest" name="runScriveHomePage" time="16.029"/>
  <system-out/>
</testsuite> <!-- com.staging.scrive.testcases.SignDocumentTest -->
