<?xml version="1.0" encoding="UTF-8"?>
<!-- Generated by org.testng.reporters.JUnitReportReporter -->
<testsuite hostname="DESKTOP-GVF3IBT" failures="0" tests="1" name="com.staging.scrive.testcases.ScriveSignDocTest" time="15.243" errors="0" timestamp="2024-10-07T13:03:50 CEST" skipped="0">
  <testcase classname="com.staging.scrive.testcases.ScriveSignDocTest" name="userCanSignDocumentSuccessfully" time="15.243"/>
  <system-out/>
</testsuite> <!-- com.staging.scrive.testcases.ScriveSignDocTest -->
