<?xml version="1.0" encoding="UTF-8"?>
<!-- Generated by org.testng.reporters.JUnitReportReporter -->
<testsuite hostname="DESKTOP-GVF3IBT" failures="0" tests="1" name="com.staging.scrive.testcases.HomePage" time="22.006" errors="0" timestamp="2024-10-05T22:55:13 CEST" skipped="0">
  <testcase classname="com.staging.scrive.testcases.HomePage" name="call" time="22.006"/>
  <system-out/>
</testsuite> <!-- com.staging.scrive.testcases.HomePage -->
